[1/10] Performing build step for 'bootloader'
[1/1] cd /home/szm/Desktop/MESH_SEND/Node/Temp_Humi/build/bootloader/esp-idf/esptool_py && /home/szm/.espressif/python_env/idf5.1_py3.10_env/bin/python /home/szm/esp/esp-idf/components/partition_table/check_sizes.py --offset 0x8000 bootloader 0x0 /home/szm/Desktop/MESH_SEND/Node/Temp_Humi/build/bootloader/bootloader.bin
Bootloader binary size 0x5200 bytes. 0x2e00 bytes (36%) free.
[2/8] Building C object esp-idf/main/CMakeFiles/__idf_main.dir/mesh_main.c.obj
/home/szm/Desktop/MESH_SEND/Node/Temp_Humi/main/mesh_main.c: In function 'HTS221_read':
/home/szm/Desktop/MESH_SEND/Node/Temp_Humi/main/mesh_main.c:140:15: warning: unused variable 'err' [-Wunused-variable]
  140 |     esp_err_t err;
      |               ^~~
/home/szm/Desktop/MESH_SEND/Node/Temp_Humi/main/mesh_main.c: In function 'esp_mesh_p2p_tx_main':
/home/szm/Desktop/MESH_SEND/Node/Temp_Humi/main/mesh_main.c:356:9: warning: unused variable 'route_table_size' [-Wunused-variable]
  356 |     int route_table_size = 0;
      |         ^~~~~~~~~~~~~~~~
/home/szm/Desktop/MESH_SEND/Node/Temp_Humi/main/mesh_main.c:355:17: warning: unused variable 'route_table' [-Wunused-variable]
  355 |     mesh_addr_t route_table[CONFIG_MESH_ROUTE_TABLE_SIZE];
      |                 ^~~~~~~~~~~
/home/szm/Desktop/MESH_SEND/Node/Temp_Humi/main/mesh_main.c:354:15: warning: variable 'err' set but not used [-Wunused-but-set-variable]
  354 |     esp_err_t err;
      |               ^~~
/home/szm/Desktop/MESH_SEND/Node/Temp_Humi/main/mesh_main.c: In function 'esp_mesh_p2p_rx_main':
/home/szm/Desktop/MESH_SEND/Node/Temp_Humi/main/mesh_main.c:412:15: warning: variable 'err' set but not used [-Wunused-but-set-variable]
  412 |     esp_err_t err;
      |               ^~~
/home/szm/Desktop/MESH_SEND/Node/Temp_Humi/main/mesh_main.c: At top level:
/home/szm/Desktop/MESH_SEND/Node/Temp_Humi/main/mesh_main.c:179:13: warning: 'check_button' defined but not used [-Wunused-function]
  179 | static void check_button(void* args)
      |             ^~~~~~~~~~~~
/home/szm/Desktop/MESH_SEND/Node/Temp_Humi/main/mesh_main.c:152:13: warning: 'recv_cb' defined but not used [-Wunused-function]
  152 | static void recv_cb(mesh_addr_t *from, mesh_data_t *data)
      |             ^~~~~~~
/home/szm/Desktop/MESH_SEND/Node/Temp_Humi/main/mesh_main.c:73:16: warning: 'example_wifi_retry' defined but not used [-Wunused-variable]
   73 | static uint8_t example_wifi_retry = 0;
      |                ^~~~~~~~~~~~~~~~~~
/home/szm/Desktop/MESH_SEND/Node/Temp_Humi/main/mesh_main.c:70:74: warning: 's_data_transmission_lock' defined but not used [-Wunused-variable]
   70 | static SemaphoreHandle_t s_recv_cb_lock = NULL,s_route_table_lock = NULL,s_data_transmission_lock=NULL;
      |                                                                          ^~~~~~~~~~~~~~~~~~~~~~~~
/home/szm/Desktop/MESH_SEND/Node/Temp_Humi/main/mesh_main.c:70:26: warning: 's_recv_cb_lock' defined but not used [-Wunused-variable]
   70 | static SemaphoreHandle_t s_recv_cb_lock = NULL,s_route_table_lock = NULL,s_data_transmission_lock=NULL;
      |                          ^~~~~~~~~~~~~~
/home/szm/Desktop/MESH_SEND/Node/Temp_Humi/main/mesh_main.c:67:20: warning: 'mesh_route_table_record' defined but not used [-Wunused-variable]
   67 | static mesh_addr_t mesh_route_table_record[8];
      |                    ^~~~~~~~~~~~~~~~~~~~~~~
/home/szm/Desktop/MESH_SEND/Node/Temp_Humi/main/mesh_main.c:60:13: warning: 'is_running' defined but not used [-Wunused-variable]
   60 | static bool is_running = true;
      |             ^~~~~~~~~~
[3/8] Linking C static library esp-idf/main/libmain.a
[4/8] Generating ld/sections.ld
warning: the default selection BT_NIMBLE_ENABLED (defined at /home/szm/Desktop/MESH_SEND/Node/Temp_Humi/components/mesh_blufi/Kconfig.projbuild:16, /home/szm/esp/esp-idf/components/bt/Kconfig:23) of <choice> (defined at /home/szm/Desktop/MESH_SEND/Node/Temp_Humi/components/mesh_blufi/Kconfig.projbuild:10) is not contained in the choice
warning: the choice symbol BT_NIMBLE_ENABLED (defined at /home/szm/Desktop/MESH_SEND/Node/Temp_Humi/components/mesh_blufi/Kconfig.projbuild:16, /home/szm/esp/esp-idf/components/bt/Kconfig:23) is defined with a prompt outside the choice
warning: the choice symbol BT_BLUEDROID_ENABLED (defined at /home/szm/Desktop/MESH_SEND/Node/Temp_Humi/components/mesh_blufi/Kconfig.projbuild:18, /home/szm/esp/esp-idf/components/bt/Kconfig:17) is defined with a prompt outside the choice
warning: the choice symbol BT_BLUEDROID_ENABLED (defined at /home/szm/Desktop/MESH_SEND/Node/Temp_Humi/components/mesh_blufi/Kconfig.projbuild:18, /home/szm/esp/esp-idf/components/bt/Kconfig:17) is defined with a prompt outside the choice
warning: the choice symbol BT_NIMBLE_ENABLED (defined at /home/szm/Desktop/MESH_SEND/Node/Temp_Humi/components/mesh_blufi/Kconfig.projbuild:16, /home/szm/esp/esp-idf/components/bt/Kconfig:23) is defined with a prompt outside the choice
[5/8] Linking CXX executable ip_internal_network.elf
[6/8] Generating binary image from built executable
esptool.py v4.7.dev2
Creating esp32s3 image...
Merged 2 ELF sections
Successfully created esp32s3 image.
Generated /home/szm/Desktop/MESH_SEND/Node/Temp_Humi/build/ip_internal_network.bin
[7/8] cd /home/szm/Desktop/MESH_SEND/Node/Temp_Humi/build/esp-idf/esptool_py && /home/szm/.espressif/python_env/idf5.1_py3.10_env/bin/python /home/szm/esp/esp-idf/components/partition_table/check_sizes.py --offset 0x8000 partition --type app /home/szm/Desktop/MESH_SEND/Node/Temp_Humi/build/partition_table/partition-table.bin /home/szm/Desktop/MESH_SEND/Node/Temp_Humi/build/ip_internal_network.bin
ip_internal_network.bin binary size 0x11b380 bytes. Smallest app partition is 0x1e8480 bytes. 0xcd100 bytes (42%) free.
[7/8] cd /home/szm/esp/esp-idf/components/esptool_py && /usr/bin/cmake -D IDF_PATH=/home/szm/esp/esp-idf -D "SERIAL_TOOL=/home/szm/.espressif/python_env/idf5.1_py3.10_env/bin/python;;/home/szm/esp/esp-idf/components/esptool_py/esptool/esptool.py;--chip;esp32s3" -D "SERIAL_TOOL_ARGS=--before=default_reset;--after=hard_reset;write_flash;@flash_args" -D WORKING_DIRECTORY=/home/szm/Desktop/MESH_SEND/Node/Temp_Humi/build -P /home/szm/esp/esp-idf/components/esptool_py/run_serial_tool.cmake
esptool.py --chip esp32s3 -p /dev/ttyUSB1 -b 460800 --before=default_reset --after=hard_reset write_flash --flash_mode dio --flash_freq 80m --flash_size 2MB 0x0 bootloader/bootloader.bin 0x10000 ip_internal_network.bin 0x8000 partition_table/partition-table.bin
esptool.py v4.7.dev2
Serial port /dev/ttyUSB1
Connecting....
Chip is ESP32-S3 (QFN56) (revision v0.1)
Features: WiFi, BLE, Embedded Flash 8MB (GD)
Crystal is 40MHz
MAC: f4:12:fa:87:c4:70
Uploading stub...
Running stub...
Stub running...
Changing baud rate to 460800
Changed.
Configuring flash size...
Flash will be erased from 0x00000000 to 0x00005fff...
Flash will be erased from 0x00010000 to 0x0012bfff...
Flash will be erased from 0x00008000 to 0x00008fff...
Compressed 20992 bytes to 13327...
Writing at 0x00000000... (100 %)
Wrote 20992 bytes (13327 compressed) at 0x00000000 in 0.6 seconds (effective 285.0 kbit/s)...
Hash of data verified.
Compressed 1160064 bytes to 741945...
Writing at 0x00010000... (2 %)
Writing at 0x0001c0a4... (4 %)
Writing at 0x0002850c... (6 %)
Writing at 0x0002d85e... (8 %)
Writing at 0x0003618c... (10 %)
Writing at 0x00042ae9... (13 %)
Writing at 0x0004b369... (15 %)
Writing at 0x0005082f... (17 %)
Writing at 0x000568ba... (19 %)
Writing at 0x0005cab9... (21 %)
Writing at 0x00062ac4... (23 %)
Writing at 0x00068636... (26 %)
Writing at 0x0006ec51... (28 %)
Writing at 0x0007435e... (30 %)
Writing at 0x00079a8e... (32 %)
Writing at 0x00080243... (34 %)
Writing at 0x0008628c... (36 %)
Writing at 0x0008b868... (39 %)
Writing at 0x0009130e... (41 %)
Writing at 0x00096aa4... (43 %)
Writing at 0x0009c6b7... (45 %)
Writing at 0x000a21d4... (47 %)
Writing at 0x000a8229... (50 %)
Writing at 0x000ad698... (52 %)
Writing at 0x000b2a2e... (54 %)
Writing at 0x000b7b9f... (56 %)
Writing at 0x000bce72... (58 %)
Writing at 0x000c2068... (60 %)
Writing at 0x000c72ab... (63 %)
Writing at 0x000cc7ea... (65 %)
Writing at 0x000d19fe... (67 %)
Writing at 0x000d6a8e... (69 %)
Traceback (most recent call last):
  File "/home/szm/.espressif/python_env/idf5.1_py3.10_env/lib/python3.10/site-packages/esptool/__init__.py", line 1101, in _main
    main()
  File "/home/szm/.espressif/python_env/idf5.1_py3.10_env/lib/python3.10/site-packages/esptool/__init__.py", line 889, in main
    operation_func(esp, args)
  File "/home/szm/.espressif/python_env/idf5.1_py3.10_env/lib/python3.10/site-packages/esptool/cmds.py", line 596, in write_flash
    esp.flash_defl_block(block, seq, timeout=timeout)
  File "/home/szm/.espressif/python_env/idf5.1_py3.10_env/lib/python3.10/site-packages/esptool/loader.py", line 131, in inner
    return func(*args, **kwargs)
  File "/home/szm/.espressif/python_env/idf5.1_py3.10_env/lib/python3.10/site-packages/esptool/loader.py", line 1040, in flash_defl_block
    self.check_command(
  File "/home/szm/.espressif/python_env/idf5.1_py3.10_env/lib/python3.10/site-packages/esptool/loader.py", line 439, in check_command
    val, data = self.command(op, data, chk, timeout=timeout)
  File "/home/szm/.espressif/python_env/idf5.1_py3.10_env/lib/python3.10/site-packages/esptool/loader.py", line 408, in command
    p = self.read()
  File "/home/szm/.espressif/python_env/idf5.1_py3.10_env/lib/python3.10/site-packages/esptool/loader.py", line 341, in read
    return next(self._slip_reader)
StopIteration

A fatal error occurred: The chip stopped responding.
FAILED: CMakeFiles/flash /home/szm/Desktop/MESH_SEND/Node/Temp_Humi/build/CMakeFiles/flash 
cd /home/szm/esp/esp-idf/components/esptool_py && /usr/bin/cmake -D IDF_PATH=/home/szm/esp/esp-idf -D "SERIAL_TOOL=/home/szm/.espressif/python_env/idf5.1_py3.10_env/bin/python;;/home/szm/esp/esp-idf/components/esptool_py/esptool/esptool.py;--chip;esp32s3" -D "SERIAL_TOOL_ARGS=--before=default_reset;--after=hard_reset;write_flash;@flash_args" -D WORKING_DIRECTORY=/home/szm/Desktop/MESH_SEND/Node/Temp_Humi/build -P /home/szm/esp/esp-idf/components/esptool_py/run_serial_tool.cmake
ninja: build stopped: subcommand failed.
